Mon Dec 14 12:27:05 EST 2009
[K[1m[30m[[m[39;49;0m[1m[31mPlayer Login[m[39;49;0m[1m[30m] [m[39;49;0m[1m[37mBrandon has joined [m[39;49;0m[1m[33mDrag[m[39;49;0m[1m[34m([m[39;49;0m[1m[31m*[m[39;49;0m[1m[34m)[m[39;49;0m[1m[33mn Ball - [m[39;49;0m[1m[30mResurrection of [m[39;49;0m[1m[34mT[m[39;49;0m[37mr[39;49;0m[36mu[39;49;0m[37mt[39;49;0m[1m[34mh[m[39;49;0m[1m[32m![m[39;49;0m
[K
[K[1m[30m[[m[39;49;0m[1m[31mPL[m[39;49;0m[1m[33m: [m[39;49;0m[1m[37m320[m[39;49;0m[1m[33m/[m[39;49;0m[1m[34m320[m[39;49;0m[1m[30m][[m[39;49;0m[1m[36mKi[m[39;49;0m[1m[33m: [m[39;49;0m[1m[37m130[m[39;49;0m[1m[33m/[m[39;49;0m[1m[34m130[m[39;49;0m[1m[30m][[m[39;49;0m[1m[32mLp[m[39;49;0m[1m[33m: [m[39;49;0m[1m[37m2[m[39;49;0m[1m[30m][m[39;49;0m
[K[K% Connection to bugger closed by foreign host.
Mon Dec 14 12:27:35 EST 2009
[K[K% send: Not connected.
[K[K% send: Not connected.
[K[K% send: Not connected.
[K[K% send: Not connected.
Mon Dec 14 12:28:10 EST 2009
[K[1m[30m[[m[39;49;0m[1m[31mPlayer Login[m[39;49;0m[1m[30m] [m[39;49;0m[1m[37mFlowchart has joined [m[39;49;0m[1m[33mDrag[m[39;49;0m[1m[34m([m[39;49;0m[1m[31m*[m[39;49;0m[1m[34m)[m[39;49;0m[1m[33mn Ball - [m[39;49;0m[1m[30mResurrection of [m[39;49;0m[1m[34mT[m[39;49;0m[37mr[39;49;0m[36mu[39;49;0m[37mt[39;49;0m[1m[34mh[m[39;49;0m[1m[32m![m[39;49;0m
[K
[K[1m[30m[[m[39;49;0m[1m[31mPL[m[39;49;0m[1m[33m: [m[39;49;0m[1m[37m310[m[39;49;0m[1m[33m/[m[39;49;0m[1m[34m310[m[39;49;0m[1m[30m][[m[39;49;0m[1m[36mKi[m[39;49;0m[1m[33m: [m[39;49;0m[1m[37m115[m[39;49;0m[1m[33m/[m[39;49;0m[1m[34m115[m[39;49;0m[1m[30m][[m[39;49;0m[1m[32mLp[m[39;49;0m[1m[33m: [m[39;49;0m[1m[37m2[m[39;49;0m[1m[30m][m[39;49;0m
[K[K% Connection to bugger closed by foreign host.
Mon Dec 14 12:29:11 EST 2009
[K[1m[30m[[m[39;49;0m[1m[31mPlayer Login[m[39;49;0m[1m[30m] [m[39;49;0m[1m[37mSurgery has joined [m[39;49;0m[1m[33mDrag[m[39;49;0m[1m[34m([m[39;49;0m[1m[31m*[m[39;49;0m[1m[34m)[m[39;49;0m[1m[33mn Ball - [m[39;49;0m[1m[30mResurrection of [m[39;49;0m[1m[34mT[m[39;49;0m[37mr[39;49;0m[36mu[39;49;0m[37mt[39;49;0m[1m[34mh[m[39;49;0m[1m[32m![m[39;49;0m
[K
[K[1m[30m[[m[39;49;0m[1m[31mPL[m[39;49;0m[1m[33m: [m[39;49;0m[1m[37m265[m[39;49;0m[1m[33m/[m[39;49;0m[1m[34m265[m[39;49;0m[1m[30m][[m[39;49;0m[1m[36mKi[m[39;49;0m[1m[33m: [m[39;49;0m[1m[37m115[m[39;49;0m[1m[33m/[m[39;49;0m[1m[34m115[m[39;49;0m[1m[30m][[m[39;49;0m[1m[32mLp[m[39;49;0m[1m[33m: [m[39;49;0m[1m[37m2[m[39;49;0m[1m[30m][m[39;49;0m
[K[K% Connection to bugger closed by foreign host.
Mon Dec 14 12:30:11 EST 2009
[K[1m[30m[[m[39;49;0m[1m[31mPlayer Login[m[39;49;0m[1m[30m] [m[39;49;0m[1m[37mNorthrop has joined [m[39;49;0m[1m[33mDrag[m[39;49;0m[1m[34m([m[39;49;0m[1m[31m*[m[39;49;0m[1m[34m)[m[39;49;0m[1m[33mn Ball - [m[39;49;0m[1m[30mResurrection of [m[39;49;0m[1m[34mT[m[39;49;0m[37mr[39;49;0m[36mu[39;49;0m[37mt[39;49;0m[1m[34mh[m[39;49;0m[1m[32m![m[39;49;0m
[K
[K[1m[30m[[m[39;49;0m[1m[31mPL[m[39;49;0m[1m[33m: [m[39;49;0m[1m[37m310[m[39;49;0m[1m[33m/[m[39;49;0m[1m[34m310[m[39;49;0m[1m[30m][[m[39;49;0m[1m[36mKi[m[39;49;0m[1m[33m: [m[39;49;0m[1m[37m115[m[39;49;0m[1m[33m/[m[39;49;0m[1m[34m115[m[39;49;0m[1m[30m][[m[39;49;0m[1m[32mLp[m[39;49;0m[1m[33m: [m[39;49;0m[1m[37m2[m[39;49;0m[1m[30m][m[39;49;0m
[K[K% Connection to bugger closed by foreign host.
Mon Dec 14 12:31:11 EST 2009
[K[1m[30m[[m[39;49;0m[1m[31mPlayer Login[m[39;49;0m[1m[30m] [m[39;49;0m[1m[37mExtroversion has joined [m[39;49;0m[1m[33mDrag[m[39;49;0m[1m[34m([m[39;49;0m[1m[31m*[m[39;49;0m[1m[34m)[m[39;49;0m[1m[33mn Ball - [m[39;49;0m[1m[30mResurrection of [m[39;49;0m[1m[34mT[m[39;49;0m[37mr[39;49;0m[36mu[39;49;0m[37mt[39;49;0m[1m[34mh[m[39;49;0m[1m[32m![m[39;49;0m
[K
[K[1m[30m[[m[39;49;0m[1m[31mPL[m[39;49;0m[1m[33m: [m[39;49;0m[1m[37m310[m[39;49;0m[1m[33m/[m[39;49;0m[1m[34m310[m[39;49;0m[1m[30m][[m[39;49;0m[1m[36mKi[m[39;49;0m[1m[33m: [m[39;49;0m[1m[37m115[m[39;49;0m[1m[33m/[m[39;49;0m[1m[34m115[m[39;49;0m[1m[30m][[m[39;49;0m[1m[32mLp[m[39;49;0m[1m[33m: [m[39;49;0m[1m[37m1[m[39;49;0m[1m[30m][m[39;49;0m
[K[K% Connection to bugger closed by foreign host.
Mon Dec 14 12:32:11 EST 2009
[K[1m[30m[[m[39;49;0m[1m[31mPlayer Login[m[39;49;0m[1m[30m] [m[39;49;0m[1m[37mManama has joined [m[39;49;0m[1m[33mDrag[m[39;49;0m[1m[34m([m[39;49;0m[1m[31m*[m[39;49;0m[1m[34m)[m[39;49;0m[1m[33mn Ball - [m[39;49;0m[1m[30mResurrection of [m[39;49;0m[1m[34mT[m[39;49;0m[37mr[39;49;0m[36mu[39;49;0m[37mt[39;49;0m[1m[34mh[m[39;49;0m[1m[32m![m[39;49;0m
[K
[K[1m[30m[[m[39;49;0m[1m[31mPL[m[39;49;0m[1m[33m: [m[39;49;0m[1m[37m255[m[39;49;0m[1m[33m/[m[39;49;0m[1m[34m255[m[39;49;0m[1m[30m][[m[39;49;0m[1m[36mKi[m[39;49;0m[1m[33m: [m[39;49;0m[1m[37m115[m[39;49;0m[1m[33m/[m[39;49;0m[1m[34m115[m[39;49;0m[1m[30m][[m[39;49;0m[1m[32mLp[m[39;49;0m[1m[33m: [m[39;49;0m[1m[37m2[m[39;49;0m[1m[30m][m[39;49;0m
[K[K% Connection to bugger closed by foreign host.
Mon Dec 14 12:33:11 EST 2009
[K[1m[30m[[m[39;49;0m[1m[31mPlayer Login[m[39;49;0m[1m[30m] [m[39;49;0m[1m[37mRequited has joined [m[39;49;0m[1m[33mDrag[m[39;49;0m[1m[34m([m[39;49;0m[1m[31m*[m[39;49;0m[1m[34m)[m[39;49;0m[1m[33mn Ball - [m[39;49;0m[1m[30mResurrection of [m[39;49;0m[1m[34mT[m[39;49;0m[37mr[39;49;0m[36mu[39;49;0m[37mt[39;49;0m[1m[34mh[m[39;49;0m[1m[32m![m[39;49;0m
[K
[K[1m[30m[[m[39;49;0m[1m[31mPL[m[39;49;0m[1m[33m: [m[39;49;0m[1m[37m310[m[39;49;0m[1m[33m/[m[39;49;0m[1m[34m310[m[39;49;0m[1m[30m][[m[39;49;0m[1m[36mKi[m[39;49;0m[1m[33m: [m[39;49;0m[1m[37m105[m[39;49;0m[1m[33m/[m[39;49;0m[1m[34m105[m[39;49;0m[1m[30m][[m[39;49;0m[1m[32mLp[m[39;49;0m[1m[33m: [m[39;49;0m[1m[37m2[m[39;49;0m[1m[30m][m[39;49;0m
[K[K% Connection to bugger closed by foreign host.
Mon Dec 14 12:34:12 EST 2009
[K[1m[30m[[m[39;49;0m[1m[31mPlayer Login[m[39;49;0m[1m[30m] [m[39;49;0m[1m[37mAssam has joined [m[39;49;0m[1m[33mDrag[m[39;49;0m[1m[34m([m[39;49;0m[1m[31m*[m[39;49;0m[1m[34m)[m[39;49;0m[1m[33mn Ball - [m[39;49;0m[1m[30mResurrection of [m[39;49;0m[1m[34mT[m[39;49;0m[37mr[39;49;0m[36mu[39;49;0m[37mt[39;49;0m[1m[34mh[m[39;49;0m[1m[32m![m[39;49;0m
[K
[K[1m[30m[[m[39;49;0m[1m[31mPL[m[39;49;0m[1m[33m: [m[39;49;0m[1m[37m280[m[39;49;0m[1m[33m/[m[39;49;0m[1m[34m280[m[39;49;0m[1m[30m][[m[39;49;0m[1m[36mKi[m[39;49;0m[1m[33m: [m[39;49;0m[1m[37m115[m[39;49;0m[1m[33m/[m[39;49;0m[1m[34m115[m[39;49;0m[1m[30m][[m[39;49;0m[1m[32mLp[m[39;49;0m[1m[33m: [m[39;49;0m[1m[37m2[m[39;49;0m[1m[30m][m[39;49;0m
[K[K% Connection to bugger closed by foreign host.
Mon Dec 14 12:35:12 EST 2009
[K[1m[30m[[m[39;49;0m[1m[31mPlayer Login[m[39;49;0m[1m[30m] [m[39;49;0m[1m[37mReverse has joined [m[39;49;0m[1m[33mDrag[m[39;49;0m[1m[34m([m[39;49;0m[1m[31m*[m[39;49;0m[1m[34m)[m[39;49;0m[1m[33mn Ball - [m[39;49;0m[1m[30mResurrection of [m[39;49;0m[1m[34mT[m[39;49;0m[37mr[39;49;0m[36mu[39;49;0m[37mt[39;49;0m[1m[34mh[m[39;49;0m[1m[32m![m[39;49;0m
[K
[K[1m[30m[[m[39;49;0m[1m[31mPL[m[39;49;0m[1m[33m: [m[39;49;0m[1m[37m310[m[39;49;0m[1m[33m/[m[39;49;0m[1m[34m310[m[39;49;0m[1m[30m][[m[39;49;0m[1m[36mKi[m[39;49;0m[1m[33m: [m[39;49;0m[1m[37m130[m[39;49;0m[1m[33m/[m[39;49;0m[1m[34m130[m[39;49;0m[1m[30m][[m[39;49;0m[1m[32mLp[m[39;49;0m[1m[33m: [m[39;49;0m[1m[37m1[m[39;49;0m[1m[30m][m[39;49;0m
[K[K% Connection to bugger closed by foreign host.
Mon Dec 14 12:36:12 EST 2009
[K[1m[30m[[m[39;49;0m[1m[31mPlayer Login[m[39;49;0m[1m[30m] [m[39;49;0m[1m[37mCornucopia has joined [m[39;49;0m[1m[33mDrag[m[39;49;0m[1m[34m([m[39;49;0m[1m[31m*[m[39;49;0m[1m[34m)[m[39;49;0m[1m[33mn Ball - [m[39;49;0m[1m[30mResurrection of [m[39;49;0m[1m[34mT[m[39;49;0m[37mr[39;49;0m[36mu[39;49;0m[37mt[39;49;0m[1m[34mh[m[39;49;0m[1m[32m![m[39;49;0m
[K
[K[1m[30m[[m[39;49;0m[1m[31mPL[m[39;49;0m[1m[33m: [m[39;49;0m[1m[37m265[m[39;49;0m[1m[33m/[m[39;49;0m[1m[34m265[m[39;49;0m[1m[30m][[m[39;49;0m[1m[36mKi[m[39;49;0m[1m[33m: [m[39;49;0m[1m[37m105[m[39;49;0m[1m[33m/[m[39;49;0m[1m[34m105[m[39;49;0m[1m[30m][[m[39;49;0m[1m[32mLp[m[39;49;0m[1m[33m: [m[39;49;0m[1m[37m2[m[39;49;0m[1m[30m][m[39;49;0m
[K[K% Connection to bugger closed by foreign host.
Mon Dec 14 12:37:12 EST 2009
[K[1m[30m[[m[39;49;0m[1m[31mPlayer Login[m[39;49;0m[1m[30m] [m[39;49;0m[1m[37mFusiform has joined [m[39;49;0m[1m[33mDrag[m[39;49;0m[1m[34m([m[39;49;0m[1m[31m*[m[39;49;0m[1m[34m)[m[39;49;0m[1m[33mn Ball - [m[39;49;0m[1m[30mResurrection of [m[39;49;0m[1m[34mT[m[39;49;0m[37mr[39;49;0m[36mu[39;49;0m[37mt[39;49;0m[1m[34mh[m[39;49;0m[1m[32m![m[39;49;0m
[K
[K[1m[30m[[m[39;49;0m[1m[31mPL[m[39;49;0m[1m[33m: [m[39;49;0m[1m[37m265[m[39;49;0m[1m[33m/[m[39;49;0m[1m[34m265[m[39;49;0m[1m[30m][[m[39;49;0m[1m[36mKi[m[39;49;0m[1m[33m: [m[39;49;0m[1m[37m105[m[39;49;0m[1m[33m/[m[39;49;0m[1m[34m105[m[39;49;0m[1m[30m][[m[39;49;0m[1m[32mLp[m[39;49;0m[1m[33m: [m[39;49;0m[1m[37m1[m[39;49;0m[1m[30m][m[39;49;0m
[K[K% Connection to bugger closed by foreign host.
Mon Dec 14 12:38:12 EST 2009
[K[1m[30m[[m[39;49;0m[1m[31mPlayer Login[m[39;49;0m[1m[30m] [m[39;49;0m[1m[37mAcross has joined [m[39;49;0m[1m[33mDrag[m[39;49;0m[1m[34m([m[39;49;0m[1m[31m*[m[39;49;0m[1m[34m)[m[39;49;0m[1m[33mn Ball - [m[39;49;0m[1m[30mResurrection of [m[39;49;0m[1m[34mT[m[39;49;0m[37mr[39;49;0m[36mu[39;49;0m[37mt[39;49;0m[1m[34mh[m[39;49;0m[1m[32m![m[39;49;0m
[K
[K[1m[30m[[m[39;49;0m[1m[31mPL[m[39;49;0m[1m[33m: [m[39;49;0m[1m[37m280[m[39;49;0m[1m[33m/[m[39;49;0m[1m[34m280[m[39;49;0m[1m[30m][[m[39;49;0m[1m[36mKi[m[39;49;0m[1m[33m: [m[39;49;0m[1m[37m105[m[39;49;0m[1m[33m/[m[39;49;0m[1m[34m105[m[39;49;0m[1m[30m][[m[39;49;0m[1m[32mLp[m[39;49;0m[1m[33m: [m[39;49;0m[1m[37m2[m[39;49;0m[1m[30m][m[39;49;0m
[K[K% Connection to bugger closed by foreign host.
Mon Dec 14 12:39:13 EST 2009
[K[1m[30m[[m[39;49;0m[1m[31mPlayer Login[m[39;49;0m[1m[30m] [m[39;49;0m[1m[37mGeophysical has joined [m[39;49;0m[1m[33mDrag[m[39;49;0m[1m[34m([m[39;49;0m[1m[31m*[m[39;49;0m[1m[34m)[m[39;49;0m[1m[33mn Ball - [m[39;49;0m[1m[30mResurrection of [m[39;49;0m[1m[34mT[m[39;49;0m[37mr[39;49;0m[36mu[39;49;0m[37mt[39;49;0m[1m[34mh[m[39;49;0m[1m[32m![m[39;49;0m
[K
[K[1m[30m[[m[39;49;0m[1m[31mPL[m[39;49;0m[1m[33m: [m[39;49;0m[1m[37m320[m[39;49;0m[1m[33m/[m[39;49;0m[1m[34m320[m[39;49;0m[1m[30m][[m[39;49;0m[1m[36mKi[m[39;49;0m[1m[33m: [m[39;49;0m[1m[37m130[m[39;49;0m[1m[33m/[m[39;49;0m[1m[34m130[m[39;49;0m[1m[30m][[m[39;49;0m[1m[32mLp[m[39;49;0m[1m[33m: [m[39;49;0m[1m[37m2[m[39;49;0m[1m[30m][m[39;49;0m
[K[K% Connection to bugger closed by foreign host.
Mon Dec 14 12:40:13 EST 2009
[K[1m[30m[[m[39;49;0m[1m[31mPlayer Login[m[39;49;0m[1m[30m] [m[39;49;0m[1m[37mDrawl has joined [m[39;49;0m[1m[33mDrag[m[39;49;0m[1m[34m([m[39;49;0m[1m[31m*[m[39;49;0m[1m[34m)[m[39;49;0m[1m[33mn Ball - [m[39;49;0m[1m[30mResurrection of [m[39;49;0m[1m[34mT[m[39;49;0m[37mr[39;49;0m[36mu[39;49;0m[37mt[39;49;0m[1m[34mh[m[39;49;0m[1m[32m![m[39;49;0m
[K
[K[1m[30m[[m[39;49;0m[1m[31mPL[m[39;49;0m[1m[33m: [m[39;49;0m[1m[37m310[m[39;49;0m[1m[33m/[m[39;49;0m[1m[34m310[m[39;49;0m[1m[30m][[m[39;49;0m[1m[36mKi[m[39;49;0m[1m[33m: [m[39;49;0m[1m[37m105[m[39;49;0m[1m[33m/[m[39;49;0m[1m[34m105[m[39;49;0m[1m[30m][[m[39;49;0m[1m[32mLp[m[39;49;0m[1m[33m: [m[39;49;0m[1m[37m2[m[39;49;0m[1m[30m][m[39;49;0m
[K[K% Connection to bugger closed by foreign host.
