Room [#10] -- Unable to resolve north exit to room [#1774]
Room [#10] -- Unable to resolve south exit to room [#1272]
Room [#10] -- Unable to resolve west exit to room [#1515]
Room [#10] -- Unable to resolve up exit to room [#1628]
Room [#10] -- Unable to resolve down exit to room [#6031]
Room [#1007] -- Unable to resolve west exit to room [#10703]
Room [#1015] -- Unable to resolve down exit to room [#2035]
Room [#1016] -- Unable to resolve down exit to room [#6440]
Room [#1017] -- Unable to resolve down exit to room [#1950]
Room [#3107] -- Unable to resolve east exit to room [#1400]
Room [#3112] -- Unable to resolve west exit to room [#1246]
Room [#3134] -- Unable to resolve east exit to room [#1409]
Room [#3137] -- Unable to resolve east exit to room [#1410]
Room [#3138] -- Unable to resolve west exit to room [#1251]
Room [#3160] -- Unable to resolve east exit to room [#1411]
Room [#3161] -- Unable to resolve north exit to room [#20017]
Room [#3162] -- Unable to resolve north exit to room [#20016]
Room [#3163] -- Unable to resolve north exit to room [#20015]
Room [#3164] -- Unable to resolve north exit to room [#20014]
Room [#3165] -- Unable to resolve north exit to room [#20013]
Room [#3166] -- Unable to resolve north exit to room [#20012]
Room [#3167] -- Unable to resolve north exit to room [#20011]
Room [#3168] -- Unable to resolve north exit to room [#20010]
Room [#3169] -- Unable to resolve north exit to room [#20009]
Room [#3177] -- Unable to resolve east exit to room [#1408]
Room [#3178] -- Unable to resolve west exit to room [#1252]
Room [#3179] -- Unable to resolve west exit to room [#1253]
Room [#3185] -- Unable to resolve south exit to room [#1414]
Room [#3186] -- Unable to resolve south exit to room [#1415]
Room [#3187] -- Unable to resolve south exit to room [#1416]
Room [#3188] -- Unable to resolve south exit to room [#1417]
Room [#3189] -- Unable to resolve south exit to room [#1418]
Room [#3190] -- Unable to resolve south exit to room [#1419]
Room [#3191] -- Unable to resolve south exit to room [#1420]
Room [#3192] -- Unable to resolve south exit to room [#1421]
Room [#3193] -- Unable to resolve south exit to room [#1422]
Room [#3194] -- Unable to resolve south exit to room [#1423]
Room [#3195] -- Unable to resolve south exit to room [#1424]
Room [#3195] -- Unable to resolve west exit to room [#1423]
Room [#3196] -- Unable to resolve south exit to room [#1425]
Room [#3197] -- Unable to resolve south exit to room [#1426]
Room [#3198] -- Unable to resolve south exit to room [#1427]
Room [#3199] -- Unable to resolve east exit to room [#1412]
Room [#3199] -- Unable to resolve south exit to room [#1428]
Room [#3200] -- Unable to resolve west exit to room [#1254]
Room [#3202] -- Unable to resolve west exit to room [#1255]
Room [#3204] -- Unable to resolve west exit to room [#1256]
Room [#3206] -- Unable to resolve south exit to room [#1259]
Room [#3206] -- Unable to resolve west exit to room [#1257]
Room [#3207] -- Unable to resolve south exit to room [#1413]
Room [#3208] -- Unable to resolve north exit to room [#20008]
Room [#3212] -- Unable to resolve north exit to room [#20007]
Room [#3216] -- Unable to resolve north exit to room [#20006]
Room [#3220] -- Unable to resolve north exit to room [#20005]
Room [#3220] -- Unable to resolve east exit to room [#1404]
Room [#3221] -- Unable to resolve east exit to room [#1405]
Room [#3222] -- Unable to resolve east exit to room [#1406]
Room [#3223] -- Unable to resolve east exit to room [#1407]
Room [#3224] -- Unable to resolve north exit to room [#20029]
Room [#3224] -- Unable to resolve west exit to room [#20019]
Room [#3225] -- Unable to resolve north exit to room [#20030]
Room [#3226] -- Unable to resolve north exit to room [#20031]
Room [#5000] -- Unable to resolve south exit to room [#1658]
Room [#5067] -- Unable to resolve east exit to room [#1656]
Room [#5340] -- Unable to resolve down exit to room [#6033]
Room [#32000] -- Unable to resolve south exit to room [#20163]
Room [#32050] -- Unable to resolve south exit to room [#2106]
Room [#32100] -- Unable to resolve east exit to room [#6027]
Room [#32150] -- Unable to resolve south exit to room [#1693]
Room [#32200] -- Unable to resolve north exit to room [#10421]
Room [#32264] -- Unable to resolve west exit to room [#6525]
